Started GET "/" for ::1 at 2019-08-13 20:38:20 +0530
Processing by Rails::WelcomeController#index as HTML
  Rendering vendor/bundle/ruby/2.3.0/gems/railties-5.2.3/lib/rails/templates/rails/welcome/index.html.erb
  Rendered vendor/bundle/ruby/2.3.0/gems/railties-5.2.3/lib/rails/templates/rails/welcome/index.html.erb (4.0ms)
Completed 200 OK in 24ms (Views: 14.8ms | ActiveRecord: 0.0ms)


Started GET "/" for ::1 at 2019-08-13 20:38:58 +0530
Processing by Rails::WelcomeController#index as HTML
  Rendering vendor/bundle/ruby/2.3.0/gems/railties-5.2.3/lib/rails/templates/rails/welcome/index.html.erb
  Rendered vendor/bundle/ruby/2.3.0/gems/railties-5.2.3/lib/rails/templates/rails/welcome/index.html.erb (2.9ms)
Completed 200 OK in 9ms (Views: 5.4ms | ActiveRecord: 0.0ms)


Started GET "/" for ::1 at 2019-08-13 20:38:59 +0530
Processing by Rails::WelcomeController#index as HTML
  Rendering vendor/bundle/ruby/2.3.0/gems/railties-5.2.3/lib/rails/templates/rails/welcome/index.html.erb
  Rendered vendor/bundle/ruby/2.3.0/gems/railties-5.2.3/lib/rails/templates/rails/welcome/index.html.erb (2.7ms)
Completed 200 OK in 8ms (Views: 5.2ms | ActiveRecord: 0.0ms)


Started GET "/" for ::1 at 2019-08-13 20:39:00 +0530
Processing by Rails::WelcomeController#index as HTML
  Rendering vendor/bundle/ruby/2.3.0/gems/railties-5.2.3/lib/rails/templates/rails/welcome/index.html.erb
  Rendered vendor/bundle/ruby/2.3.0/gems/railties-5.2.3/lib/rails/templates/rails/welcome/index.html.erb (3.0ms)
Completed 200 OK in 8ms (Views: 5.4ms | ActiveRecord: 0.0ms)


Started GET "/" for ::1 at 2019-08-13 20:39:01 +0530
Processing by Rails::WelcomeController#index as HTML
  Rendering vendor/bundle/ruby/2.3.0/gems/railties-5.2.3/lib/rails/templates/rails/welcome/index.html.erb
  Rendered vendor/bundle/ruby/2.3.0/gems/railties-5.2.3/lib/rails/templates/rails/welcome/index.html.erb (2.8ms)
Completed 200 OK in 8ms (Views: 5.2ms | ActiveRecord: 0.0ms)


Started GET "/" for ::1 at 2019-08-13 20:50:00 +0530
Processing by WelcomeController#index as HTML
  Rendering welcome/index.html.erb within layouts/application
  Rendered welcome/index.html.erb within layouts/application (0.7ms)
Completed 200 OK in 480ms (Views: 473.4ms | ActiveRecord: 0.0ms)


Started GET "/" for ::1 at 2019-08-13 20:50:02 +0530
Processing by WelcomeController#index as HTML
  Rendering welcome/index.html.erb within layouts/application
  Rendered welcome/index.html.erb within layouts/application (0.3ms)
Completed 200 OK in 17ms (Views: 15.3ms | ActiveRecord: 0.0ms)


Started GET "/welcome/index" for ::1 at 2019-08-13 20:50:10 +0530
Processing by WelcomeController#index as HTML
  Rendering welcome/index.html.erb within layouts/application
  Rendered welcome/index.html.erb within layouts/application (0.4ms)
Completed 200 OK in 22ms (Views: 20.6ms | ActiveRecord: 0.0ms)


Started GET "/welcome/index" for ::1 at 2019-08-13 20:50:14 +0530
Processing by WelcomeController#index as HTML
  Rendering welcome/index.html.erb within layouts/application
  Rendered welcome/index.html.erb within layouts/application (0.3ms)
Completed 200 OK in 16ms (Views: 14.6ms | ActiveRecord: 0.0ms)


Started GET "/articles/new" for ::1 at 2019-08-13 20:57:18 +0530
  
ActionController::RoutingError (uninitialized constant ArticlesController):
  
vendor/bundle/ruby/2.3.0/gems/bootsnap-1.4.4/lib/bootsnap/load_path_cache/core_ext/active_support.rb:79:in `block in load_missing_constant'
vendor/bundle/ruby/2.3.0/gems/bootsnap-1.4.4/lib/bootsnap/load_path_cache/core_ext/active_support.rb:8:in `without_bootsnap_cache'
vendor/bundle/ruby/2.3.0/gems/bootsnap-1.4.4/lib/bootsnap/load_path_cache/core_ext/active_support.rb:79:in `rescue in load_missing_constant'
vendor/bundle/ruby/2.3.0/gems/bootsnap-1.4.4/lib/bootsnap/load_path_cache/core_ext/active_support.rb:58:in `load_missing_constant'
vendor/bundle/ruby/2.3.0/gems/activesupport-5.2.3/lib/active_support/inflector/methods.rb:283:in `const_get'
vendor/bundle/ruby/2.3.0/gems/activesupport-5.2.3/lib/active_support/inflector/methods.rb:283:in `block in constantize'
vendor/bundle/ruby/2.3.0/gems/activesupport-5.2.3/lib/active_support/inflector/methods.rb:281:in `each'
vendor/bundle/ruby/2.3.0/gems/activesupport-5.2.3/lib/active_support/inflector/methods.rb:281:in `inject'
vendor/bundle/ruby/2.3.0/gems/activesupport-5.2.3/lib/active_support/inflector/methods.rb:281:in `constantize'
vendor/bundle/ruby/2.3.0/gems/actionpack-5.2.3/lib/action_dispatch/http/request.rb:88:in `controller_class_for'
vendor/bundle/ruby/2.3.0/gems/actionpack-5.2.3/lib/action_dispatch/http/request.rb:81:in `controller_class'
vendor/bundle/ruby/2.3.0/gems/actionpack-5.2.3/lib/action_dispatch/routing/route_set.rb:46:in `controller'
vendor/bundle/ruby/2.3.0/gems/actionpack-5.2.3/lib/action_dispatch/routing/route_set.rb:32:in `serve'
vendor/bundle/ruby/2.3.0/gems/actionpack-5.2.3/lib/action_dispatch/journey/router.rb:52:in `block in serve'
vendor/bundle/ruby/2.3.0/gems/actionpack-5.2.3/lib/action_dispatch/journey/router.rb:35:in `each'
vendor/bundle/ruby/2.3.0/gems/actionpack-5.2.3/lib/action_dispatch/journey/router.rb:35:in `serve'
vendor/bundle/ruby/2.3.0/gems/actionpack-5.2.3/lib/action_dispatch/routing/route_set.rb:840:in `call'
vendor/bundle/ruby/2.3.0/gems/rack-2.0.7/lib/rack/tempfile_reaper.rb:15:in `call'
vendor/bundle/ruby/2.3.0/gems/rack-2.0.7/lib/rack/etag.rb:25:in `call'
vendor/bundle/ruby/2.3.0/gems/rack-2.0.7/lib/rack/conditional_get.rb:25:in `call'
vendor/bundle/ruby/2.3.0/gems/rack-2.0.7/lib/rack/head.rb:12:in `call'
vendor/bundle/ruby/2.3.0/gems/actionpack-5.2.3/lib/action_dispatch/http/content_security_policy.rb:18:in `call'
vendor/bundle/ruby/2.3.0/gems/rack-2.0.7/lib/rack/session/abstract/id.rb:232:in `context'
vendor/bundle/ruby/2.3.0/gems/rack-2.0.7/lib/rack/session/abstract/id.rb:226:in `call'
vendor/bundle/ruby/2.3.0/gems/actionpack-5.2.3/lib/action_dispatch/middleware/cookies.rb:670:in `call'
vendor/bundle/ruby/2.3.0/gems/activerecord-5.2.3/lib/active_record/migration.rb:559:in `call'
vendor/bundle/ruby/2.3.0/gems/actionpack-5.2.3/lib/action_dispatch/middleware/callbacks.rb:28:in `block in call'
vendor/bundle/ruby/2.3.0/gems/activesupport-5.2.3/lib/active_support/callbacks.rb:98:in `run_callbacks'
vendor/bundle/ruby/2.3.0/gems/actionpack-5.2.3/lib/action_dispatch/middleware/callbacks.rb:26:in `call'
vendor/bundle/ruby/2.3.0/gems/actionpack-5.2.3/lib/action_dispatch/middleware/executor.rb:14:in `call'
vendor/bundle/ruby/2.3.0/gems/actionpack-5.2.3/lib/action_dispatch/middleware/debug_exceptions.rb:61:in `call'
vendor/bundle/ruby/2.3.0/gems/web-console-3.7.0/lib/web_console/middleware.rb:135:in `call_app'
vendor/bundle/ruby/2.3.0/gems/web-console-3.7.0/lib/web_console/middleware.rb:30:in `block in call'
vendor/bundle/ruby/2.3.0/gems/web-console-3.7.0/lib/web_console/middleware.rb:20:in `catch'
vendor/bundle/ruby/2.3.0/gems/web-console-3.7.0/lib/web_console/middleware.rb:20:in `call'
vendor/bundle/ruby/2.3.0/gems/actionpack-5.2.3/lib/action_dispatch/middleware/show_exceptions.rb:33:in `call'
vendor/bundle/ruby/2.3.0/gems/railties-5.2.3/lib/rails/rack/logger.rb:38:in `call_app'
vendor/bundle/ruby/2.3.0/gems/railties-5.2.3/lib/rails/rack/logger.rb:26:in `block in call'
vendor/bundle/ruby/2.3.0/gems/activesupport-5.2.3/lib/active_support/tagged_logging.rb:71:in `block in tagged'
vendor/bundle/ruby/2.3.0/gems/activesupport-5.2.3/lib/active_support/tagged_logging.rb:28:in `tagged'
vendor/bundle/ruby/2.3.0/gems/activesupport-5.2.3/lib/active_support/tagged_logging.rb:71:in `tagged'
vendor/bundle/ruby/2.3.0/gems/railties-5.2.3/lib/rails/rack/logger.rb:26:in `call'
vendor/bundle/ruby/2.3.0/gems/sprockets-rails-3.2.1/lib/sprockets/rails/quiet_assets.rb:13:in `call'
vendor/bundle/ruby/2.3.0/gems/actionpack-5.2.3/lib/action_dispatch/middleware/remote_ip.rb:81:in `call'
vendor/bundle/ruby/2.3.0/gems/actionpack-5.2.3/lib/action_dispatch/middleware/request_id.rb:27:in `call'
vendor/bundle/ruby/2.3.0/gems/rack-2.0.7/lib/rack/method_override.rb:22:in `call'
vendor/bundle/ruby/2.3.0/gems/rack-2.0.7/lib/rack/runtime.rb:22:in `call'
vendor/bundle/ruby/2.3.0/gems/activesupport-5.2.3/lib/active_support/cache/strategy/local_cache_middleware.rb:29:in `call'
vendor/bundle/ruby/2.3.0/gems/actionpack-5.2.3/lib/action_dispatch/middleware/executor.rb:14:in `call'
vendor/bundle/ruby/2.3.0/gems/actionpack-5.2.3/lib/action_dispatch/middleware/static.rb:127:in `call'
vendor/bundle/ruby/2.3.0/gems/rack-2.0.7/lib/rack/sendfile.rb:111:in `call'
vendor/bundle/ruby/2.3.0/gems/railties-5.2.3/lib/rails/engine.rb:524:in `call'
vendor/bundle/ruby/2.3.0/gems/puma-3.12.1/lib/puma/configuration.rb:227:in `call'
vendor/bundle/ruby/2.3.0/gems/puma-3.12.1/lib/puma/server.rb:660:in `handle_request'
vendor/bundle/ruby/2.3.0/gems/puma-3.12.1/lib/puma/server.rb:474:in `process_client'
vendor/bundle/ruby/2.3.0/gems/puma-3.12.1/lib/puma/server.rb:334:in `block in run'
vendor/bundle/ruby/2.3.0/gems/puma-3.12.1/lib/puma/thread_pool.rb:135:in `block in spawn_thread'
Started GET "/articles/new" for ::1 at 2019-08-13 20:57:59 +0530
  
AbstractController::ActionNotFound (The action 'new' could not be found for ArticlesController):
  
vendor/bundle/ruby/2.3.0/gems/actionpack-5.2.3/lib/abstract_controller/base.rb:129:in `process'
vendor/bundle/ruby/2.3.0/gems/actionview-5.2.3/lib/action_view/rendering.rb:32:in `process'
vendor/bundle/ruby/2.3.0/gems/actionpack-5.2.3/lib/action_controller/metal.rb:191:in `dispatch'
vendor/bundle/ruby/2.3.0/gems/actionpack-5.2.3/lib/action_controller/metal.rb:252:in `dispatch'
vendor/bundle/ruby/2.3.0/gems/actionpack-5.2.3/lib/action_dispatch/routing/route_set.rb:52:in `dispatch'
vendor/bundle/ruby/2.3.0/gems/actionpack-5.2.3/lib/action_dispatch/routing/route_set.rb:34:in `serve'
vendor/bundle/ruby/2.3.0/gems/actionpack-5.2.3/lib/action_dispatch/journey/router.rb:52:in `block in serve'
vendor/bundle/ruby/2.3.0/gems/actionpack-5.2.3/lib/action_dispatch/journey/router.rb:35:in `each'
vendor/bundle/ruby/2.3.0/gems/actionpack-5.2.3/lib/action_dispatch/journey/router.rb:35:in `serve'
vendor/bundle/ruby/2.3.0/gems/actionpack-5.2.3/lib/action_dispatch/routing/route_set.rb:840:in `call'
vendor/bundle/ruby/2.3.0/gems/rack-2.0.7/lib/rack/tempfile_reaper.rb:15:in `call'
vendor/bundle/ruby/2.3.0/gems/rack-2.0.7/lib/rack/etag.rb:25:in `call'
vendor/bundle/ruby/2.3.0/gems/rack-2.0.7/lib/rack/conditional_get.rb:25:in `call'
vendor/bundle/ruby/2.3.0/gems/rack-2.0.7/lib/rack/head.rb:12:in `call'
vendor/bundle/ruby/2.3.0/gems/actionpack-5.2.3/lib/action_dispatch/http/content_security_policy.rb:18:in `call'
vendor/bundle/ruby/2.3.0/gems/rack-2.0.7/lib/rack/session/abstract/id.rb:232:in `context'
vendor/bundle/ruby/2.3.0/gems/rack-2.0.7/lib/rack/session/abstract/id.rb:226:in `call'
vendor/bundle/ruby/2.3.0/gems/actionpack-5.2.3/lib/action_dispatch/middleware/cookies.rb:670:in `call'
vendor/bundle/ruby/2.3.0/gems/activerecord-5.2.3/lib/active_record/migration.rb:559:in `call'
vendor/bundle/ruby/2.3.0/gems/actionpack-5.2.3/lib/action_dispatch/middleware/callbacks.rb:28:in `block in call'
vendor/bundle/ruby/2.3.0/gems/activesupport-5.2.3/lib/active_support/callbacks.rb:98:in `run_callbacks'
vendor/bundle/ruby/2.3.0/gems/actionpack-5.2.3/lib/action_dispatch/middleware/callbacks.rb:26:in `call'
vendor/bundle/ruby/2.3.0/gems/actionpack-5.2.3/lib/action_dispatch/middleware/executor.rb:14:in `call'
vendor/bundle/ruby/2.3.0/gems/actionpack-5.2.3/lib/action_dispatch/middleware/debug_exceptions.rb:61:in `call'
vendor/bundle/ruby/2.3.0/gems/web-console-3.7.0/lib/web_console/middleware.rb:135:in `call_app'
vendor/bundle/ruby/2.3.0/gems/web-console-3.7.0/lib/web_console/middleware.rb:30:in `block in call'
vendor/bundle/ruby/2.3.0/gems/web-console-3.7.0/lib/web_console/middleware.rb:20:in `catch'
vendor/bundle/ruby/2.3.0/gems/web-console-3.7.0/lib/web_console/middleware.rb:20:in `call'
vendor/bundle/ruby/2.3.0/gems/actionpack-5.2.3/lib/action_dispatch/middleware/show_exceptions.rb:33:in `call'
vendor/bundle/ruby/2.3.0/gems/railties-5.2.3/lib/rails/rack/logger.rb:38:in `call_app'
vendor/bundle/ruby/2.3.0/gems/railties-5.2.3/lib/rails/rack/logger.rb:26:in `block in call'
vendor/bundle/ruby/2.3.0/gems/activesupport-5.2.3/lib/active_support/tagged_logging.rb:71:in `block in tagged'
vendor/bundle/ruby/2.3.0/gems/activesupport-5.2.3/lib/active_support/tagged_logging.rb:28:in `tagged'
vendor/bundle/ruby/2.3.0/gems/activesupport-5.2.3/lib/active_support/tagged_logging.rb:71:in `tagged'
vendor/bundle/ruby/2.3.0/gems/railties-5.2.3/lib/rails/rack/logger.rb:26:in `call'
vendor/bundle/ruby/2.3.0/gems/sprockets-rails-3.2.1/lib/sprockets/rails/quiet_assets.rb:13:in `call'
vendor/bundle/ruby/2.3.0/gems/actionpack-5.2.3/lib/action_dispatch/middleware/remote_ip.rb:81:in `call'
vendor/bundle/ruby/2.3.0/gems/actionpack-5.2.3/lib/action_dispatch/middleware/request_id.rb:27:in `call'
vendor/bundle/ruby/2.3.0/gems/rack-2.0.7/lib/rack/method_override.rb:22:in `call'
vendor/bundle/ruby/2.3.0/gems/rack-2.0.7/lib/rack/runtime.rb:22:in `call'
vendor/bundle/ruby/2.3.0/gems/activesupport-5.2.3/lib/active_support/cache/strategy/local_cache_middleware.rb:29:in `call'
vendor/bundle/ruby/2.3.0/gems/actionpack-5.2.3/lib/action_dispatch/middleware/executor.rb:14:in `call'
vendor/bundle/ruby/2.3.0/gems/actionpack-5.2.3/lib/action_dispatch/middleware/static.rb:127:in `call'
vendor/bundle/ruby/2.3.0/gems/rack-2.0.7/lib/rack/sendfile.rb:111:in `call'
vendor/bundle/ruby/2.3.0/gems/railties-5.2.3/lib/rails/engine.rb:524:in `call'
vendor/bundle/ruby/2.3.0/gems/puma-3.12.1/lib/puma/configuration.rb:227:in `call'
vendor/bundle/ruby/2.3.0/gems/puma-3.12.1/lib/puma/server.rb:660:in `handle_request'
vendor/bundle/ruby/2.3.0/gems/puma-3.12.1/lib/puma/server.rb:474:in `process_client'
vendor/bundle/ruby/2.3.0/gems/puma-3.12.1/lib/puma/server.rb:334:in `block in run'
vendor/bundle/ruby/2.3.0/gems/puma-3.12.1/lib/puma/thread_pool.rb:135:in `block in spawn_thread'
Started GET "/articles/new" for ::1 at 2019-08-13 20:58:38 +0530
Processing by ArticlesController#new as HTML
Completed 406 Not Acceptable in 66ms (ActiveRecord: 0.0ms)


  
ActionController::UnknownFormat (ArticlesController#new is missing a template for this request format and variant.

request.formats: ["text/html"]
request.variant: []

NOTE! For XHR/Ajax or API requests, this action would normally respond with 204 No Content: an empty white screen. Since you're loading it in a web browser, we assume that you expected to actually render a template, not nothing, so we're showing an error to be extra-clear. If you expect 204 No Content, carry on. That's what you'll get from an XHR or API request. Give it a shot.):
  
vendor/bundle/ruby/2.3.0/gems/actionpack-5.2.3/lib/action_controller/metal/implicit_render.rb:55:in `default_render'
vendor/bundle/ruby/2.3.0/gems/actionpack-5.2.3/lib/action_controller/metal/basic_implicit_render.rb:6:in `block in send_action'
vendor/bundle/ruby/2.3.0/gems/actionpack-5.2.3/lib/action_controller/metal/basic_implicit_render.rb:6:in `tap'
vendor/bundle/ruby/2.3.0/gems/actionpack-5.2.3/lib/action_controller/metal/basic_implicit_render.rb:6:in `send_action'
vendor/bundle/ruby/2.3.0/gems/actionpack-5.2.3/lib/abstract_controller/base.rb:194:in `process_action'
vendor/bundle/ruby/2.3.0/gems/actionpack-5.2.3/lib/action_controller/metal/rendering.rb:30:in `process_action'
vendor/bundle/ruby/2.3.0/gems/actionpack-5.2.3/lib/abstract_controller/callbacks.rb:42:in `block in process_action'
vendor/bundle/ruby/2.3.0/gems/activesupport-5.2.3/lib/active_support/callbacks.rb:132:in `run_callbacks'
vendor/bundle/ruby/2.3.0/gems/actionpack-5.2.3/lib/abstract_controller/callbacks.rb:41:in `process_action'
vendor/bundle/ruby/2.3.0/gems/actionpack-5.2.3/lib/action_controller/metal/rescue.rb:22:in `process_action'
vendor/bundle/ruby/2.3.0/gems/actionpack-5.2.3/lib/action_controller/metal/instrumentation.rb:34:in `block in process_action'
vendor/bundle/ruby/2.3.0/gems/activesupport-5.2.3/lib/active_support/notifications.rb:168:in `block in instrument'
vendor/bundle/ruby/2.3.0/gems/activesupport-5.2.3/lib/active_support/notifications/instrumenter.rb:23:in `instrument'
vendor/bundle/ruby/2.3.0/gems/activesupport-5.2.3/lib/active_support/notifications.rb:168:in `instrument'
vendor/bundle/ruby/2.3.0/gems/actionpack-5.2.3/lib/action_controller/metal/instrumentation.rb:32:in `process_action'
vendor/bundle/ruby/2.3.0/gems/actionpack-5.2.3/lib/action_controller/metal/params_wrapper.rb:256:in `process_action'
vendor/bundle/ruby/2.3.0/gems/activerecord-5.2.3/lib/active_record/railties/controller_runtime.rb:24:in `process_action'
vendor/bundle/ruby/2.3.0/gems/actionpack-5.2.3/lib/abstract_controller/base.rb:134:in `process'
vendor/bundle/ruby/2.3.0/gems/actionview-5.2.3/lib/action_view/rendering.rb:32:in `process'
vendor/bundle/ruby/2.3.0/gems/actionpack-5.2.3/lib/action_controller/metal.rb:191:in `dispatch'
vendor/bundle/ruby/2.3.0/gems/actionpack-5.2.3/lib/action_controller/metal.rb:252:in `dispatch'
vendor/bundle/ruby/2.3.0/gems/actionpack-5.2.3/lib/action_dispatch/routing/route_set.rb:52:in `dispatch'
vendor/bundle/ruby/2.3.0/gems/actionpack-5.2.3/lib/action_dispatch/routing/route_set.rb:34:in `serve'
vendor/bundle/ruby/2.3.0/gems/actionpack-5.2.3/lib/action_dispatch/journey/router.rb:52:in `block in serve'
vendor/bundle/ruby/2.3.0/gems/actionpack-5.2.3/lib/action_dispatch/journey/router.rb:35:in `each'
vendor/bundle/ruby/2.3.0/gems/actionpack-5.2.3/lib/action_dispatch/journey/router.rb:35:in `serve'
vendor/bundle/ruby/2.3.0/gems/actionpack-5.2.3/lib/action_dispatch/routing/route_set.rb:840:in `call'
vendor/bundle/ruby/2.3.0/gems/rack-2.0.7/lib/rack/tempfile_reaper.rb:15:in `call'
vendor/bundle/ruby/2.3.0/gems/rack-2.0.7/lib/rack/etag.rb:25:in `call'
vendor/bundle/ruby/2.3.0/gems/rack-2.0.7/lib/rack/conditional_get.rb:25:in `call'
vendor/bundle/ruby/2.3.0/gems/rack-2.0.7/lib/rack/head.rb:12:in `call'
vendor/bundle/ruby/2.3.0/gems/actionpack-5.2.3/lib/action_dispatch/http/content_security_policy.rb:18:in `call'
vendor/bundle/ruby/2.3.0/gems/rack-2.0.7/lib/rack/session/abstract/id.rb:232:in `context'
vendor/bundle/ruby/2.3.0/gems/rack-2.0.7/lib/rack/session/abstract/id.rb:226:in `call'
vendor/bundle/ruby/2.3.0/gems/actionpack-5.2.3/lib/action_dispatch/middleware/cookies.rb:670:in `call'
vendor/bundle/ruby/2.3.0/gems/activerecord-5.2.3/lib/active_record/migration.rb:559:in `call'
vendor/bundle/ruby/2.3.0/gems/actionpack-5.2.3/lib/action_dispatch/middleware/callbacks.rb:28:in `block in call'
vendor/bundle/ruby/2.3.0/gems/activesupport-5.2.3/lib/active_support/callbacks.rb:98:in `run_callbacks'
vendor/bundle/ruby/2.3.0/gems/actionpack-5.2.3/lib/action_dispatch/middleware/callbacks.rb:26:in `call'
vendor/bundle/ruby/2.3.0/gems/actionpack-5.2.3/lib/action_dispatch/middleware/executor.rb:14:in `call'
vendor/bundle/ruby/2.3.0/gems/actionpack-5.2.3/lib/action_dispatch/middleware/debug_exceptions.rb:61:in `call'
vendor/bundle/ruby/2.3.0/gems/web-console-3.7.0/lib/web_console/middleware.rb:135:in `call_app'
vendor/bundle/ruby/2.3.0/gems/web-console-3.7.0/lib/web_console/middleware.rb:30:in `block in call'
vendor/bundle/ruby/2.3.0/gems/web-console-3.7.0/lib/web_console/middleware.rb:20:in `catch'
vendor/bundle/ruby/2.3.0/gems/web-console-3.7.0/lib/web_console/middleware.rb:20:in `call'
vendor/bundle/ruby/2.3.0/gems/actionpack-5.2.3/lib/action_dispatch/middleware/show_exceptions.rb:33:in `call'
vendor/bundle/ruby/2.3.0/gems/railties-5.2.3/lib/rails/rack/logger.rb:38:in `call_app'
vendor/bundle/ruby/2.3.0/gems/railties-5.2.3/lib/rails/rack/logger.rb:26:in `block in call'
vendor/bundle/ruby/2.3.0/gems/activesupport-5.2.3/lib/active_support/tagged_logging.rb:71:in `block in tagged'
vendor/bundle/ruby/2.3.0/gems/activesupport-5.2.3/lib/active_support/tagged_logging.rb:28:in `tagged'
vendor/bundle/ruby/2.3.0/gems/activesupport-5.2.3/lib/active_support/tagged_logging.rb:71:in `tagged'
vendor/bundle/ruby/2.3.0/gems/railties-5.2.3/lib/rails/rack/logger.rb:26:in `call'
vendor/bundle/ruby/2.3.0/gems/sprockets-rails-3.2.1/lib/sprockets/rails/quiet_assets.rb:13:in `call'
vendor/bundle/ruby/2.3.0/gems/actionpack-5.2.3/lib/action_dispatch/middleware/remote_ip.rb:81:in `call'
vendor/bundle/ruby/2.3.0/gems/actionpack-5.2.3/lib/action_dispatch/middleware/request_id.rb:27:in `call'
vendor/bundle/ruby/2.3.0/gems/rack-2.0.7/lib/rack/method_override.rb:22:in `call'
vendor/bundle/ruby/2.3.0/gems/rack-2.0.7/lib/rack/runtime.rb:22:in `call'
vendor/bundle/ruby/2.3.0/gems/activesupport-5.2.3/lib/active_support/cache/strategy/local_cache_middleware.rb:29:in `call'
vendor/bundle/ruby/2.3.0/gems/actionpack-5.2.3/lib/action_dispatch/middleware/executor.rb:14:in `call'
vendor/bundle/ruby/2.3.0/gems/actionpack-5.2.3/lib/action_dispatch/middleware/static.rb:127:in `call'
vendor/bundle/ruby/2.3.0/gems/rack-2.0.7/lib/rack/sendfile.rb:111:in `call'
vendor/bundle/ruby/2.3.0/gems/railties-5.2.3/lib/rails/engine.rb:524:in `call'
vendor/bundle/ruby/2.3.0/gems/puma-3.12.1/lib/puma/configuration.rb:227:in `call'
vendor/bundle/ruby/2.3.0/gems/puma-3.12.1/lib/puma/server.rb:660:in `handle_request'
vendor/bundle/ruby/2.3.0/gems/puma-3.12.1/lib/puma/server.rb:474:in `process_client'
vendor/bundle/ruby/2.3.0/gems/puma-3.12.1/lib/puma/server.rb:334:in `block in run'
vendor/bundle/ruby/2.3.0/gems/puma-3.12.1/lib/puma/thread_pool.rb:135:in `block in spawn_thread'
